<?xml version="1.0" encoding="UTF-8"?>
<testng-results ignored="0" total="1" passed="1" failed="0" skipped="0">
  <reporter-output>
  </reporter-output>
  <suite started-at="2026-09-11T19:07:13 CEST" name="Default suite" finished-at="2026-09-11T19:07:19 CEST" duration-ms="6015">
    <groups>
      <group name="cucumber">
        <method signature="AbstractTestNGCucumberTests.runScenario(io.cucumber.testng.PickleWrapper,io.cucumber.testng.FeatureWrapper)[pri:0, instance:runner.Runner@223d2c72]" name="runScenario" class="io.cucumber.testng.AbstractTestNGCucumberTests"/>
      </group> <!-- cucumber -->
    </groups>
    <test started-at="2026-09-11T19:07:13 CEST" name="Default test" finished-at="2026-09-11T19:07:19 CEST" duration-ms="6015">
      <class name="runner.Runner">
        <test-method is-config="true" signature="setUpClass(org.testng.ITestContext)[pri:0, instance:runner.Runner@223d2c72]" started-at="2026-09-11T19:07:13 CEST" name="setUpClass" finished-at="2026-09-11T19:07:13 CEST" duration-ms="205" status="PASS">
          <params>
            <param index="0">
              <value>
                <![CDATA[org.testng.TestRunner@3dffc764]]>
              </value>
            </param>
          </params>
          <reporter-output>
          </reporter-output>
        </test-method> <!-- setUpClass -->
        <test-method signature="runScenario(io.cucumber.testng.PickleWrapper,io.cucumber.testng.FeatureWrapper)[pri:0, instance:runner.Runner@223d2c72]" started-at="2026-09-11T19:07:13 CEST" name="runScenario" description="Runs Cucumber Scenarios" data-provider="scenarios" finished-at="2026-09-11T19:07:18 CEST" duration-ms="5273" status="PASS">
          <params>
            <param index="0">
              <value>
                <![CDATA[""]]>
              </value>
            </param>
            <param index="1">
              <value>
                <![CDATA["Unknown"]]>
              </value>
            </param>
          </params>
          <reporter-output>
          </reporter-output>
        </test-method> <!-- runScenario -->
        <test-method is-config="true" signature="tearDownClass()[pri:0, instance:runner.Runner@223d2c72]" started-at="2026-09-11T19:07:18 CEST" name="tearDownClass" finished-at="2026-09-11T19:07:19 CEST" duration-ms="520" status="PASS">
          <reporter-output>
          </reporter-output>
        </test-method> <!-- tearDownClass -->
      </class> <!-- runner.Runner -->
    </test> <!-- Default test -->
  </suite> <!-- Default suite -->
</testng-results>
